<?xml version="1.0" encoding="UTF-8"?>
<!-- Generated by org.testng.reporters.JUnitReportReporter -->
<testsuite hostname="PC-20141008PRQJ" name="com.swjtu.aroundyou.test.utils.TestMail" tests="1" failures="0" timestamp="29 Apr 2017 06:06:13 GMT" time="2.656" errors="0">
  <testcase name="testMail" time="2.656" classname="com.swjtu.aroundyou.test.utils.TestMail"/>
</testsuite> <!-- com.swjtu.aroundyou.test.utils.TestMail -->
