<?xml version="1.0" encoding="UTF-8"?>
<!-- Generated by org.testng.reporters.JUnitReportReporter -->
<testsuite hostname="PC-20141008PRQJ" name="com.swjtu.aroundyou.test.web.UserLoginTest" tests="1" failures="0" timestamp="9 Feb 2017 06:11:04 GMT" time="0.016" errors="0">
  <testcase name="testGetUserLogin" time="0.016" classname="com.swjtu.aroundyou.test.web.UserLoginTest"/>
</testsuite> <!-- com.swjtu.aroundyou.test.web.UserLoginTest -->
