<?xml version="1.0" encoding="UTF-8"?>
<!-- Generated by org.testng.reporters.JUnitReportReporter -->
<testsuite hostname="PC-20141008PRQJ" name="com.swjtu.aroundyou.test.service.UserLoginTest" tests="1" failures="0" timestamp="9 Feb 2017 06:12:17 GMT" time="3.092" errors="0">
  <testcase name="testGetUserLogin" time="3.092" classname="com.swjtu.aroundyou.test.service.UserLoginTest"/>
</testsuite> <!-- com.swjtu.aroundyou.test.service.UserLoginTest -->
