<?xml version="1.0" encoding="UTF-8"?>
<!-- Generated by org.testng.reporters.JUnitReportReporter -->
<testsuite hostname="PC-20141008PRQJ" name="com.swjtu.aroundyou.test.utils.TestUtils" tests="1" failures="0" timestamp="7 Mar 2017 14:38:53 GMT" time="0.625" errors="0">
  <testcase name="testRequestUrl" time="0.625" classname="com.swjtu.aroundyou.test.utils.TestUtils"/>
</testsuite> <!-- com.swjtu.aroundyou.test.utils.TestUtils -->
